This file contains any messages produced by compilers while
running configure, to aid debugging if configure makes a mistake.

It was created by poppler configure 0.32.0, which was
generated by GNU Autoconf 2.69.  Invocation command line was

  $ ./configure --prefix=/usr --sysconfdir=/etc --localstatedir=/var --enable-cairo-output --enable-xpdf-headers --enable-libjpeg --enable-zlib --enable-poppler-glib --disable-static --disable-gtk-doc-html --disable-poppler-qt4

## --------- ##
## Platform. ##
## --------- ##

hostname = localhost
uname -m = i686
uname -r = 4.4.5
uname -s = Linux
uname -v = #1 SMP Sat Mar 12 19:01:32 UTC 2016

/usr/bin/uname -p = unknown
/bin/uname -X     = unknown

/bin/arch              = unknown
/usr/bin/arch -k       = unknown
/usr/convex/getsysinfo = unknown
/usr/bin/hostinfo      = unknown
/bin/machine           = unknown
/usr/bin/oslevel       = unknown
/bin/universe          = unknown

PATH: /bin
PATH: /usr/bin
PATH: /home/smil3y/bin


## ----------- ##
## Core tests. ##
## ----------- ##

configure:2909: checking for a BSD-compatible install
configure:2977: result: /usr/bin/install -c
configure:2988: checking whether build environment is sane
configure:3043: result: yes
configure:3194: checking for a thread-safe mkdir -p
configure:3233: result: /bin/mkdir -p
configure:3240: checking for gawk
configure:3256: found /usr/bin/gawk
configure:3267: result: gawk
configure:3278: checking whether make sets $(MAKE)
configure:3300: result: yes
configure:3329: checking whether make supports nested variables
configure:3346: result: yes
configure:3483: checking whether make supports nested variables
configure:3500: result: yes
configure:3525: checking for style of include used by make
configure:3553: result: GNU
configure:3624: checking for gcc
configure:3640: found /usr/bin/gcc
configure:3651: result: gcc
configure:3880: checking for C compiler version
configure:3889: gcc --version >&5
gcc (GCC) 4.9.3
Copyright (C) 2015 Free Software Foundation, Inc.
This is free software; see the source for copying conditions.  There is NO
warranty; not even for MERCHANTABILITY or FITNESS FOR A PARTICULAR PURPOSE.

configure:3900: $? = 0
configure:3889: gcc -v >&5
Using built-in specs.
COLLECT_GCC=gcc
COLLECT_LTO_WRAPPER=/usr/libexec/gcc/i686-pc-linux-gnu/4.9.3/lto-wrapper
Target: i686-pc-linux-gnu
Configured with: ../gcc-4.9.3/configure --prefix=/usr --host=i686-pc-linux-gnu --enable-clocale=gnu --enable-threads=posix --enable-__cxa_atexit --enable-languages=c,c++ --enable-shared --enable-tls --enable-libgomp --disable-libstdcxx-pch --disable-multilib --disable-bootstrap --with-system-zlib
Thread model: posix
gcc version 4.9.3 (GCC) 
configure:3900: $? = 0
configure:3889: gcc -V >&5
gcc: error: unrecognized command line option '-V'
gcc: fatal error: no input files
compilation terminated.
configure:3900: $? = 1
configure:3889: gcc -qversion >&5
gcc: error: unrecognized command line option '-qversion'
gcc: fatal error: no input files
compilation terminated.
configure:3900: $? = 1
configure:3920: checking whether the C compiler works
configure:3942: gcc    conftest.c  >&5
configure:3946: $? = 0
configure:3994: result: yes
configure:3997: checking for C compiler default output file name
configure:3999: result: a.out
configure:4005: checking for suffix of executables
configure:4012: gcc -o conftest    conftest.c  >&5
configure:4016: $? = 0
configure:4038: result: 
configure:4060: checking whether we are cross compiling
configure:4068: gcc -o conftest    conftest.c  >&5
configure:4072: $? = 0
configure:4079: ./conftest
configure:4083: $? = 0
configure:4098: result: no
configure:4103: checking for suffix of object files
configure:4125: gcc -c   conftest.c >&5
configure:4129: $? = 0
configure:4150: result: o
configure:4154: checking whether we are using the GNU C compiler
configure:4173: gcc -c   conftest.c >&5
configure:4173: $? = 0
configure:4182: result: yes
configure:4191: checking whether gcc accepts -g
configure:4211: gcc -c -g  conftest.c >&5
configure:4211: $? = 0
configure:4252: result: yes
configure:4269: checking for gcc option to accept ISO C89
configure:4332: gcc  -c -g -O2  conftest.c >&5
configure:4332: $? = 0
configure:4345: result: none needed
configure:4370: checking whether gcc understands -c and -o together
configure:4392: gcc -c conftest.c -o conftest2.o
configure:4395: $? = 0
configure:4392: gcc -c conftest.c -o conftest2.o
configure:4395: $? = 0
configure:4407: result: yes
configure:4426: checking dependency style of gcc
configure:4537: result: gcc3
configure:4558: checking how to run the C preprocessor
configure:4589: gcc -E  conftest.c
configure:4589: $? = 0
configure:4603: gcc -E  conftest.c
conftest.c:11:28: fatal error: ac_nonexistent.h: No such file or directory
 #include <ac_nonexistent.h>
                            ^
compilation terminated.
configure:4603: $? = 1
configure: failed program was:
| /* confdefs.h */
| #define PACKAGE_NAME "poppler"
| #define PACKAGE_TARNAME "poppler"
| #define PACKAGE_VERSION "0.32.0"
| #define PACKAGE_STRING "poppler 0.32.0"
| #define PACKAGE_BUGREPORT "https://bugs.freedesktop.org/enter_bug.cgi?product=poppler"
| #define PACKAGE_URL ""
| #define PACKAGE "poppler"
| #define VERSION "0.32.0"
| /* end confdefs.h.  */
| #include <ac_nonexistent.h>
configure:4628: result: gcc -E
configure:4648: gcc -E  conftest.c
configure:4648: $? = 0
configure:4662: gcc -E  conftest.c
conftest.c:11:28: fatal error: ac_nonexistent.h: No such file or directory
 #include <ac_nonexistent.h>
                            ^
compilation terminated.
configure:4662: $? = 1
configure: failed program was:
| /* confdefs.h */
| #define PACKAGE_NAME "poppler"
| #define PACKAGE_TARNAME "poppler"
| #define PACKAGE_VERSION "0.32.0"
| #define PACKAGE_STRING "poppler 0.32.0"
| #define PACKAGE_BUGREPORT "https://bugs.freedesktop.org/enter_bug.cgi?product=poppler"
| #define PACKAGE_URL ""
| #define PACKAGE "poppler"
| #define VERSION "0.32.0"
| /* end confdefs.h.  */
| #include <ac_nonexistent.h>
configure:4691: checking for grep that handles long lines and -e
configure:4749: result: /bin/grep
configure:4754: checking for egrep
configure:4816: result: /bin/grep -E
configure:4821: checking for ANSI C header files
configure:4841: gcc -c -g -O2  conftest.c >&5
configure:4841: $? = 0
configure:4914: gcc -o conftest -g -O2   conftest.c  >&5
configure:4914: $? = 0
configure:4914: ./conftest
configure:4914: $? = 0
configure:4925: result: yes
configure:4938: checking for sys/types.h
configure:4938: gcc -c -g -O2  conftest.c >&5
configure:4938: $? = 0
configure:4938: result: yes
configure:4938: checking for sys/stat.h
configure:4938: gcc -c -g -O2  conftest.c >&5
configure:4938: $? = 0
configure:4938: result: yes
configure:4938: checking for stdlib.h
configure:4938: gcc -c -g -O2  conftest.c >&5
configure:4938: $? = 0
configure:4938: result: yes
configure:4938: checking for string.h
configure:4938: gcc -c -g -O2  conftest.c >&5
configure:4938: $? = 0
configure:4938: result: yes
configure:4938: checking for memory.h
configure:4938: gcc -c -g -O2  conftest.c >&5
configure:4938: $? = 0
configure:4938: result: yes
configure:4938: checking for strings.h
configure:4938: gcc -c -g -O2  conftest.c >&5
configure:4938: $? = 0
configure:4938: result: yes
configure:4938: checking for inttypes.h
configure:4938: gcc -c -g -O2  conftest.c >&5
configure:4938: $? = 0
configure:4938: result: yes
configure:4938: checking for stdint.h
configure:4938: gcc -c -g -O2  conftest.c >&5
configure:4938: $? = 0
configure:4938: result: yes
configure:4938: checking for unistd.h
configure:4938: gcc -c -g -O2  conftest.c >&5
configure:4938: $? = 0
configure:4938: result: yes
configure:4950: checking whether byte ordering is bigendian
configure:4965: gcc -c -g -O2  conftest.c >&5
conftest.c:22:9: error: unknown type name 'not'
         not a universal capable compiler
         ^
conftest.c:22:15: error: expected '=', ',', ';', 'asm' or '__attribute__' before 'universal'
         not a universal capable compiler
               ^
conftest.c:22:15: error: unknown type name 'universal'
configure:4965: $? = 1
configure: failed program was:
| /* confdefs.h */
| #define PACKAGE_NAME "poppler"
| #define PACKAGE_TARNAME "poppler"
| #define PACKAGE_VERSION "0.32.0"
| #define PACKAGE_STRING "poppler 0.32.0"
| #define PACKAGE_BUGREPORT "https://bugs.freedesktop.org/enter_bug.cgi?product=poppler"
| #define PACKAGE_URL ""
| #define PACKAGE "poppler"
| #define VERSION "0.32.0"
| #define STDC_HEADERS 1
| #define HAVE_SYS_TYPES_H 1
| #define HAVE_SYS_STAT_H 1
| #define HAVE_STDLIB_H 1
| #define HAVE_STRING_H 1
| #define HAVE_MEMORY_H 1
| #define HAVE_STRINGS_H 1
| #define HAVE_INTTYPES_H 1
| #define HAVE_STDINT_H 1
| #define HAVE_UNISTD_H 1
| /* end confdefs.h.  */
| #ifndef __APPLE_CC__
| 	       not a universal capable compiler
| 	     #endif
| 	     typedef int dummy;
| 
configure:5010: gcc -c -g -O2  conftest.c >&5
configure:5010: $? = 0
configure:5028: gcc -c -g -O2  conftest.c >&5
conftest.c: In function 'main':
conftest.c:28:4: error: unknown type name 'not'
    not big endian
    ^
conftest.c:28:12: error: expected '=', ',', ';', 'asm' or '__attribute__' before 'endian'
    not big endian
            ^
configure:5028: $? = 1
configure: failed program was:
| /* confdefs.h */
| #define PACKAGE_NAME "poppler"
| #define PACKAGE_TARNAME "poppler"
| #define PACKAGE_VERSION "0.32.0"
| #define PACKAGE_STRING "poppler 0.32.0"
| #define PACKAGE_BUGREPORT "https://bugs.freedesktop.org/enter_bug.cgi?product=poppler"
| #define PACKAGE_URL ""
| #define PACKAGE "poppler"
| #define VERSION "0.32.0"
| #define STDC_HEADERS 1
| #define HAVE_SYS_TYPES_H 1
| #define HAVE_SYS_STAT_H 1
| #define HAVE_STDLIB_H 1
| #define HAVE_STRING_H 1
| #define HAVE_MEMORY_H 1
| #define HAVE_STRINGS_H 1
| #define HAVE_INTTYPES_H 1
| #define HAVE_STDINT_H 1
| #define HAVE_UNISTD_H 1
| /* end confdefs.h.  */
| #include <sys/types.h>
| 		#include <sys/param.h>
| 
| int
| main ()
| {
| #if BYTE_ORDER != BIG_ENDIAN
| 		 not big endian
| 		#endif
| 
|   ;
|   return 0;
| }
configure:5156: result: no
configure:5179: checking build system type

## ---------------- ##
## Cache variables. ##
## ---------------- ##

ac_cv_c_bigendian=no
ac_cv_c_compiler_gnu=yes
ac_cv_env_CAIRO_CFLAGS_set=
ac_cv_env_CAIRO_CFLAGS_value=
ac_cv_env_CAIRO_LIBS_set=
ac_cv_env_CAIRO_LIBS_value=
ac_cv_env_CCC_set=
ac_cv_env_CCC_value=
ac_cv_env_CC_set=
ac_cv_env_CC_value=
ac_cv_env_CFLAGS_set=
ac_cv_env_CFLAGS_value=
ac_cv_env_CPPFLAGS_set=
ac_cv_env_CPPFLAGS_value=
ac_cv_env_CPP_set=
ac_cv_env_CPP_value=
ac_cv_env_CXXCPP_set=
ac_cv_env_CXXCPP_value=
ac_cv_env_CXXFLAGS_set=
ac_cv_env_CXXFLAGS_value=
ac_cv_env_CXX_set=
ac_cv_env_CXX_value=
ac_cv_env_FONTCONFIG_CFLAGS_set=
ac_cv_env_FONTCONFIG_CFLAGS_value=
ac_cv_env_FONTCONFIG_LIBS_set=
ac_cv_env_FONTCONFIG_LIBS_value=
ac_cv_env_FREETYPE_CFLAGS_set=
ac_cv_env_FREETYPE_CFLAGS_value=
ac_cv_env_FREETYPE_LIBS_set=
ac_cv_env_FREETYPE_LIBS_value=
ac_cv_env_GTKDOC_DEPS_CFLAGS_set=
ac_cv_env_GTKDOC_DEPS_CFLAGS_value=
ac_cv_env_GTKDOC_DEPS_LIBS_set=
ac_cv_env_GTKDOC_DEPS_LIBS_value=
ac_cv_env_GTK_TEST_CFLAGS_set=
ac_cv_env_GTK_TEST_CFLAGS_value=
ac_cv_env_GTK_TEST_LIBS_set=
ac_cv_env_GTK_TEST_LIBS_value=
ac_cv_env_LCMS_CFLAGS_set=
ac_cv_env_LCMS_CFLAGS_value=
ac_cv_env_LCMS_LIBS_set=
ac_cv_env_LCMS_LIBS_value=
ac_cv_env_LDFLAGS_set=
ac_cv_env_LDFLAGS_value=
ac_cv_env_LIBCURL_CFLAGS_set=
ac_cv_env_LIBCURL_CFLAGS_value=
ac_cv_env_LIBCURL_LIBS_set=
ac_cv_env_LIBCURL_LIBS_value=
ac_cv_env_LIBJPEG_CFLAGS_set=
ac_cv_env_LIBJPEG_CFLAGS_value=
ac_cv_env_LIBOPENJPEG_CFLAGS_set=
ac_cv_env_LIBOPENJPEG_CFLAGS_value=
ac_cv_env_LIBOPENJPEG_LIBS_set=
ac_cv_env_LIBOPENJPEG_LIBS_value=
ac_cv_env_LIBPNG_CFLAGS_set=
ac_cv_env_LIBPNG_CFLAGS_value=
ac_cv_env_LIBPNG_LIBS_set=
ac_cv_env_LIBPNG_LIBS_value=
ac_cv_env_LIBS_set=
ac_cv_env_LIBS_value=
ac_cv_env_LIBTIFF_CFLAGS_set=
ac_cv_env_LIBTIFF_CFLAGS_value=
ac_cv_env_LIBTIFF_LIBS_set=
ac_cv_env_LIBTIFF_LIBS_value=
ac_cv_env_PDFTOCAIRO_CFLAGS_set=
ac_cv_env_PDFTOCAIRO_CFLAGS_value=
ac_cv_env_PDFTOCAIRO_LIBS_set=
ac_cv_env_PDFTOCAIRO_LIBS_value=
ac_cv_env_PKG_CONFIG_LIBDIR_set=
ac_cv_env_PKG_CONFIG_LIBDIR_value=
ac_cv_env_PKG_CONFIG_PATH_set=
ac_cv_env_PKG_CONFIG_PATH_value=
ac_cv_env_PKG_CONFIG_set=
ac_cv_env_PKG_CONFIG_value=
ac_cv_env_POPPLER_GLIB_CFLAGS_set=
ac_cv_env_POPPLER_GLIB_CFLAGS_value=
ac_cv_env_POPPLER_GLIB_LIBS_set=
ac_cv_env_POPPLER_GLIB_LIBS_value=
ac_cv_env_POPPLER_QT4_CFLAGS_set=
ac_cv_env_POPPLER_QT4_CFLAGS_value=
ac_cv_env_POPPLER_QT4_LIBS_set=
ac_cv_env_POPPLER_QT4_LIBS_value=
ac_cv_env_POPPLER_QT4_TEST_CFLAGS_set=
ac_cv_env_POPPLER_QT4_TEST_CFLAGS_value=
ac_cv_env_POPPLER_QT4_TEST_LIBS_set=
ac_cv_env_POPPLER_QT4_TEST_LIBS_value=
ac_cv_env_POPPLER_QT5_CFLAGS_set=
ac_cv_env_POPPLER_QT5_CFLAGS_value=
ac_cv_env_POPPLER_QT5_LIBS_set=
ac_cv_env_POPPLER_QT5_LIBS_value=
ac_cv_env_POPPLER_QT5_TEST_CFLAGS_set=
ac_cv_env_POPPLER_QT5_TEST_CFLAGS_value=
ac_cv_env_POPPLER_QT5_TEST_LIBS_set=
ac_cv_env_POPPLER_QT5_TEST_LIBS_value=
ac_cv_env_XMKMF_set=
ac_cv_env_XMKMF_value=
ac_cv_env_build_alias_set=
ac_cv_env_build_alias_value=
ac_cv_env_host_alias_set=
ac_cv_env_host_alias_value=
ac_cv_env_target_alias_set=
ac_cv_env_target_alias_value=
ac_cv_header_inttypes_h=yes
ac_cv_header_memory_h=yes
ac_cv_header_stdc=yes
ac_cv_header_stdint_h=yes
ac_cv_header_stdlib_h=yes
ac_cv_header_string_h=yes
ac_cv_header_strings_h=yes
ac_cv_header_sys_stat_h=yes
ac_cv_header_sys_types_h=yes
ac_cv_header_unistd_h=yes
ac_cv_objext=o
ac_cv_path_EGREP='/bin/grep -E'
ac_cv_path_GREP=/bin/grep
ac_cv_path_install='/usr/bin/install -c'
ac_cv_path_mkdir=/bin/mkdir
ac_cv_prog_AWK=gawk
ac_cv_prog_CPP='gcc -E'
ac_cv_prog_ac_ct_CC=gcc
ac_cv_prog_cc_c89=
ac_cv_prog_cc_g=yes
ac_cv_prog_make_make_set=yes
am_cv_CC_dependencies_compiler_type=gcc3
am_cv_make_support_nested_variables=yes
am_cv_prog_cc_c_o=yes

## ----------------- ##
## Output variables. ##
## ----------------- ##

ACLOCAL='${SHELL} /home/smil3y/core/extra/poppler/source/poppler-0.32.0/missing aclocal-1.14'
AMDEPBACKSLASH='\'
AMDEP_FALSE='#'
AMDEP_TRUE=''
AMTAR='$${TAR-tar}'
AM_BACKSLASH='\'
AM_DEFAULT_V='$(AM_DEFAULT_VERBOSITY)'
AM_DEFAULT_VERBOSITY='0'
AM_V='$(V)'
AR=''
AS=''
AUTOCONF='${SHELL} /home/smil3y/core/extra/poppler/source/poppler-0.32.0/missing autoconf'
AUTOHEADER='${SHELL} /home/smil3y/core/extra/poppler/source/poppler-0.32.0/missing autoheader'
AUTOMAKE='${SHELL} /home/smil3y/core/extra/poppler/source/poppler-0.32.0/missing automake-1.14'
AWK='gawk'
BUILD_CAIRO_OUTPUT_FALSE=''
BUILD_CAIRO_OUTPUT_TRUE=''
BUILD_GTK_TEST_FALSE=''
BUILD_GTK_TEST_TRUE=''
BUILD_LIBCURL_FALSE=''
BUILD_LIBCURL_TRUE=''
BUILD_LIBJPEG_FALSE=''
BUILD_LIBJPEG_TRUE=''
BUILD_LIBOPENJPEG_FALSE=''
BUILD_LIBOPENJPEG_TRUE=''
BUILD_LIBPNG_FALSE=''
BUILD_LIBPNG_TRUE=''
BUILD_LIBTIFF_FALSE=''
BUILD_LIBTIFF_TRUE=''
BUILD_POPPLER_CPP_FALSE=''
BUILD_POPPLER_CPP_TRUE=''
BUILD_POPPLER_GLIB_FALSE=''
BUILD_POPPLER_GLIB_TRUE=''
BUILD_POPPLER_QT4_FALSE=''
BUILD_POPPLER_QT4_TRUE=''
BUILD_POPPLER_QT5_FALSE=''
BUILD_POPPLER_QT5_TRUE=''
BUILD_SPLASH_OUTPUT_FALSE=''
BUILD_SPLASH_OUTPUT_TRUE=''
BUILD_UTILS_FALSE=''
BUILD_UTILS_TRUE=''
BUILD_WITH_WIN32_FONTCONFIGURATION_FALSE=''
BUILD_WITH_WIN32_FONTCONFIGURATION_TRUE=''
BUILD_ZLIB_FALSE=''
BUILD_ZLIB_TRUE=''
CAIRO_CFLAGS=''
CAIRO_FEATURE=''
CAIRO_LIBS=''
CAIRO_REQ=''
CAIRO_VERSION=''
CC='gcc'
CCDEPMODE='depmode=gcc3'
CFLAGS='-g -O2'
CPP='gcc -E'
CPPFLAGS=''
CXX=''
CXXCPP=''
CXXDEPMODE=''
CXXFLAGS=''
CYGPATH_W='echo'
DEFS=''
DEPDIR='.deps'
DLLTOOL=''
DSYMUTIL=''
DUMPBIN=''
ECHO_C=''
ECHO_N='-n'
ECHO_T=''
EGREP='/bin/grep -E'
ENABLE_GTK_DOC_FALSE=''
ENABLE_GTK_DOC_TRUE=''
ENABLE_XPDF_HEADERS_FALSE=''
ENABLE_XPDF_HEADERS_TRUE=''
EXEEXT=''
FGREP=''
FONTCONFIG_CFLAGS=''
FONTCONFIG_LIBS=''
FREETYPE_CFLAGS=''
FREETYPE_CONFIG=''
FREETYPE_LIBS=''
GLIB_MKENUMS=''
GLIB_REQ=''
GLIB_REQUIRED=''
GREP='/bin/grep'
GTKDOC_CHECK=''
GTKDOC_CHECK_PATH=''
GTKDOC_DEPS_CFLAGS=''
GTKDOC_DEPS_LIBS=''
GTKDOC_MKPDF=''
GTKDOC_REBASE=''
GTK_DOC_BUILD_HTML_FALSE=''
GTK_DOC_BUILD_HTML_TRUE=''
GTK_DOC_BUILD_PDF_FALSE=''
GTK_DOC_BUILD_PDF_TRUE=''
GTK_DOC_USE_LIBTOOL_FALSE=''
GTK_DOC_USE_LIBTOOL_TRUE=''
GTK_DOC_USE_REBASE_FALSE=''
GTK_DOC_USE_REBASE_TRUE=''
GTK_TEST_CFLAGS=''
GTK_TEST_LIBS=''
HAVE_GTK_DOC_FALSE=''
HAVE_GTK_DOC_TRUE=''
HAVE_INTROSPECTION_FALSE=''
HAVE_INTROSPECTION_TRUE=''
HTML_DIR=''
INSTALL_DATA='${INSTALL} -m 644'
INSTALL_PROGRAM='${INSTALL}'
INSTALL_SCRIPT='${INSTALL}'
INSTALL_STRIP_PROGRAM='$(install_sh) -c -s'
INTROSPECTION_CFLAGS=''
INTROSPECTION_COMPILER=''
INTROSPECTION_GENERATE=''
INTROSPECTION_GIRDIR=''
INTROSPECTION_LIBS=''
INTROSPECTION_MAKEFILE=''
INTROSPECTION_SCANNER=''
INTROSPECTION_TYPELIBDIR=''
LCMS_CFLAGS=''
LCMS_LIBS=''
LD=''
LDFLAGS=''
LIBCURL_CFLAGS=''
LIBCURL_LIBS=''
LIBICONV=''
LIBJPEG_CFLAGS=''
LIBJPEG_LIBS=''
LIBOBJS=''
LIBOPENJPEG_CFLAGS=''
LIBOPENJPEG_LIBS=''
LIBPNG_CFLAGS=''
LIBPNG_LIBS=''
LIBS=''
LIBTIFF_CFLAGS=''
LIBTIFF_LIBS=''
LIBTOOL=''
LIPO=''
LN_S=''
LTLIBICONV=''
LTLIBOBJS=''
MAKEINFO='${SHELL} /home/smil3y/core/extra/poppler/source/poppler-0.32.0/missing makeinfo'
MANIFEST_TOOL=''
MKDIR_P='/bin/mkdir -p'
MOCQT42=''
MOCQT4=''
MOCQT52=''
MOCQT5=''
NM=''
NMEDIT=''
OBJDUMP=''
OBJEXT='o'
OTOOL64=''
OTOOL=''
PACKAGE='poppler'
PACKAGE_BUGREPORT='https://bugs.freedesktop.org/enter_bug.cgi?product=poppler'
PACKAGE_NAME='poppler'
PACKAGE_STRING='poppler 0.32.0'
PACKAGE_TARNAME='poppler'
PACKAGE_URL=''
PACKAGE_VERSION='0.32.0'
PATH_SEPARATOR=':'
PC_REQUIRES=''
PC_REQUIRES_PRIVATE=''
PDFTOCAIRO_CFLAGS=''
PDFTOCAIRO_LIBS=''
PKG_CONFIG=''
PKG_CONFIG_LIBDIR=''
PKG_CONFIG_PATH=''
POPPLER_DATADIR=''
POPPLER_GLIB_CFLAGS=''
POPPLER_GLIB_DISABLE_DEPRECATED=''
POPPLER_GLIB_DISABLE_SINGLE_INCLUDES=''
POPPLER_GLIB_LIBS=''
POPPLER_MAJOR_VERSION=''
POPPLER_MICRO_VERSION=''
POPPLER_MINOR_VERSION=''
POPPLER_QT4_CFLAGS=''
POPPLER_QT4_CXXFLAGS=''
POPPLER_QT4_LIBS=''
POPPLER_QT4_TEST_CFLAGS=''
POPPLER_QT4_TEST_LIBS=''
POPPLER_QT5_CFLAGS=''
POPPLER_QT5_CXXFLAGS=''
POPPLER_QT5_LIBS=''
POPPLER_QT5_TEST_CFLAGS=''
POPPLER_QT5_TEST_LIBS=''
POPPLER_VERSION=''
PTHREAD_CC=''
PTHREAD_CFLAGS=''
PTHREAD_LIBS=''
QTCHOOSER=''
RANLIB=''
SED=''
SET_MAKE=''
SHELL='/bin/bash'
STRIP=''
TESTDATADIR=''
USE_CMS_FALSE=''
USE_CMS_TRUE=''
USE_LCMS1_FALSE=''
USE_LCMS1_TRUE=''
VERSION='0.32.0'
XMKMF=''
X_CFLAGS=''
X_EXTRA_LIBS=''
X_LIBS=''
X_PRE_LIBS=''
ZLIB_LIBS=''
ac_ct_AR=''
ac_ct_CC='gcc'
ac_ct_CXX=''
ac_ct_DUMPBIN=''
am__EXEEXT_FALSE=''
am__EXEEXT_TRUE=''
am__fastdepCC_FALSE='#'
am__fastdepCC_TRUE=''
am__fastdepCXX_FALSE=''
am__fastdepCXX_TRUE=''
am__include='include'
am__isrc=''
am__leading_dot='.'
am__nodep='_no'
am__quote=''
am__tar='$${TAR-tar} chof - "$$tardir"'
am__untar='$${TAR-tar} xf -'
auto_import_flags=''
ax_pthread_config=''
bindir='${exec_prefix}/bin'
build=''
build_alias=''
build_cpu=''
build_os=''
build_vendor=''
create_shared_lib=''
datadir='${datarootdir}'
datarootdir='${prefix}/share'
docdir='${datarootdir}/doc/${PACKAGE_TARNAME}'
dvidir='${docdir}'
exec_prefix='NONE'
host=''
host_alias=''
host_cpu=''
host_os=''
host_vendor=''
htmldir='${docdir}'
includedir='${prefix}/include'
infodir='${datarootdir}/info'
install_sh='${SHELL} /home/smil3y/core/extra/poppler/source/poppler-0.32.0/install-sh'
libdir='${exec_prefix}/lib'
libexecdir='${exec_prefix}/libexec'
localedir='${datarootdir}/locale'
localstatedir='/var'
mandir='${datarootdir}/man'
mkdir_p='$(MKDIR_P)'
oldincludedir='/usr/include'
pdfdir='${docdir}'
prefix='/usr'
program_transform_name='s,x,x,'
psdir='${docdir}'
sbindir='${exec_prefix}/sbin'
sharedstatedir='${prefix}/com'
sysconfdir='/etc'
target_alias=''
win32_libs=''

## ----------- ##
## confdefs.h. ##
## ----------- ##

/* confdefs.h */
#define PACKAGE_NAME "poppler"
#define PACKAGE_TARNAME "poppler"
#define PACKAGE_VERSION "0.32.0"
#define PACKAGE_STRING "poppler 0.32.0"
#define PACKAGE_BUGREPORT "https://bugs.freedesktop.org/enter_bug.cgi?product=poppler"
#define PACKAGE_URL ""
#define PACKAGE "poppler"
#define VERSION "0.32.0"
#define STDC_HEADERS 1
#define HAVE_SYS_TYPES_H 1
#define HAVE_SYS_STAT_H 1
#define HAVE_STDLIB_H 1
#define HAVE_STRING_H 1
#define HAVE_MEMORY_H 1
#define HAVE_STRINGS_H 1
#define HAVE_INTTYPES_H 1
#define HAVE_STDINT_H 1
#define HAVE_UNISTD_H 1

configure: caught signal 2
configure: exit 1
